2022-04-11 08:41:43,165 INFO  StartupInfoLogger:55 - [] Starting ProductServiceApplicationTests using Java 16 on LIN24009701 with PID 30972 (started by atisharm in C:\Users\atisharm\Desktop\My GitHub Repo\CaseStudy-ShoppingCart-NewTech\Backend\Product-Service)
2022-04-11 08:41:43,175 INFO  SpringApplication:637 - [] No active profile set, falling back to default profiles: default
2022-04-11 08:41:44,926 INFO  RepositoryConfigurationDelegate:132 - [] Bootstrapping Spring Data JPA repositories in DEFAULT mode.
2022-04-11 08:41:45,250 INFO  RepositoryConfigurationDelegate:201 - [] Finished Spring Data repository scanning in 307 ms. Found 2 JPA repository interfaces.
2022-04-11 08:41:45,820 INFO  GenericScope:283 - [] BeanFactory id=8bfeb57a-3ca6-3284-bad9-22667a5e63dd
2022-04-11 08:41:46,621 INFO  LogHelper:31 - [] HHH000204: Processing PersistenceUnitInfo [name: default]
2022-04-11 08:41:46,721 INFO  Version:44 - [] HHH000412: Hibernate ORM core version 5.6.4.Final
2022-04-11 08:41:47,058 INFO  JavaReflectionManager:56 - [] HCANN000001: Hibernate Commons Annotations {5.1.2.Final}
2022-04-11 08:41:47,370 INFO  HikariDataSource:110 - [] test - Starting...
2022-04-11 08:41:47,924 INFO  HikariDataSource:123 - [] test - Start completed.
2022-04-11 08:41:47,959 INFO  Dialect:175 - [] HHH000400: Using dialect: org.hibernate.dialect.MySQL8Dialect
2022-04-11 08:41:49,284 INFO  JtaPlatformInitiator:52 - [] HHH000490: Using JtaPlatform implementation: [org.hibernate.engine.transaction.jta.platform.internal.NoJtaPlatform]
2022-04-11 08:41:49,297 INFO  AbstractEntityManagerFactoryBean:437 - [] Initialized JPA EntityManagerFactory for persistence unit 'default'
2022-04-11 08:41:50,410 WARN  JpaBaseConfiguration$JpaWebConfiguration:219 - [] spring.jpa.open-in-view is enabled by default. Therefore, database queries may be performed during view rendering. Explicitly configure spring.jpa.open-in-view to disable this warning
2022-04-11 08:41:53,065 INFO  DiscoveryClientOptionalArgsConfiguration:68 - [] Eureka HTTP Client uses RestTemplate.
2022-04-11 08:41:53,374 WARN  LoadBalancerCacheAutoConfiguration$LoadBalancerCaffeineWarnLogger:82 - [] Spring Cloud LoadBalancer is currently working with the default cache. While this cache implementation is useful for development and tests, it's recommended to use Caffeine cache in production.You can switch to using Caffeine cache, by adding it and org.springframework.cache.caffeine.CaffeineCacheManager to the classpath.
2022-04-11 08:41:53,417 INFO  InstanceInfoFactory:67 - [] Setting initial instance status as: STARTING
2022-04-11 08:41:53,550 INFO  DiscoveryClient:372 - [] Initializing Eureka in region us-east-1
2022-04-11 08:41:53,560 INFO  ConfigClusterResolver:43 - [] Resolving eureka endpoints via configuration
2022-04-11 08:41:53,609 INFO  DiscoveryClient:1007 - [] Disable delta property : false
2022-04-11 08:41:53,610 INFO  DiscoveryClient:1008 - [] Single vip registry refresh property : null
2022-04-11 08:41:53,611 INFO  DiscoveryClient:1009 - [] Force full registry fetch : false
2022-04-11 08:41:53,611 INFO  DiscoveryClient:1010 - [] Application is null : false
2022-04-11 08:41:53,612 INFO  DiscoveryClient:1011 - [] Registered Applications size is zero : true
2022-04-11 08:41:53,612 INFO  DiscoveryClient:1013 - [] Application version is -1: true
2022-04-11 08:41:53,612 INFO  DiscoveryClient:1097 - [] Getting all instance registry info from the eureka server
2022-04-11 08:41:54,081 INFO  DiscoveryClient:1106 - [] The response status is 200
2022-04-11 08:41:54,085 INFO  DiscoveryClient:1321 - [] Starting heartbeat executor: renew interval is: 30
2022-04-11 08:41:54,089 INFO  InstanceInfoReplicator:60 - [] InstanceInfoReplicator onDemand update allowed rate per min is 4
2022-04-11 08:41:54,096 INFO  DiscoveryClient:492 - [] Discovery Client initialized at timestamp 1649646714095 with initial instances count: 6
2022-04-11 08:41:54,101 INFO  EurekaServiceRegistry:41 - [] Registering application PRODUCT-SERVICE with eureka with status UP
2022-04-11 08:41:54,103 INFO  DiscoveryClient$3:1352 - [] Saw local status change event StatusChangeEvent [timestamp=1649646714103, current=UP, previous=STARTING]
2022-04-11 08:41:54,105 INFO  DiscoveryClient:873 - [] DiscoveryClient_PRODUCT-SERVICE/LIN24009701.corp.capgemini.com:product-service:7002: registering service...
2022-04-11 08:41:54,117 INFO  StartupInfoLogger:61 - [] Started ProductServiceApplicationTests in 11.776 seconds (JVM running for 14.208)
2022-04-11 08:41:54,170 INFO  DiscoveryClient:882 - [] DiscoveryClient_PRODUCT-SERVICE/LIN24009701.corp.capgemini.com:product-service:7002 - registration status: 204
2022-04-11 08:41:54,348 INFO  AbstractTestContextBootstrapper:305 - [] Neither @ContextConfiguration nor @ContextHierarchy found for test class [com.product.resource.CategoryResourceTest], using SpringBootContextLoader
2022-04-11 08:41:54,349 INFO  AbstractContextLoader:264 - [] Could not detect default resource locations for test class [com.product.resource.CategoryResourceTest]: no resource found for suffixes {-context.xml, Context.groovy}.
2022-04-11 08:41:54,350 INFO  AnnotationConfigContextLoaderUtils:83 - [] Could not detect default configuration classes for test class [com.product.resource.CategoryResourceTest]: CategoryResourceTest does not declare any static, non-private, non-final, nested classes annotated with @Configuration.
2022-04-11 08:41:54,360 INFO  SpringBootTestContextBootstrapper:238 - [] Found @SpringBootConfiguration com.product.ProductServiceApplication for test class com.product.resource.CategoryResourceTest
2022-04-11 08:41:54,363 INFO  AbstractTestContextBootstrapper:245 - [] Loaded default TestExecutionListener class names from location [META-INF/spring.factories]: [org.springframework.boot.test.mock.mockito.MockitoTestExecutionListener, org.springframework.boot.test.mock.mockito.ResetMocksTestExecutionListener, org.springframework.boot.test.autoconfigure.restdocs.RestDocsTestExecutionListener, org.springframework.boot.test.autoconfigure.web.client.MockRestServiceServerResetTestExecutionListener, org.springframework.boot.test.autoconfigure.web.servlet.MockMvcPrintOnlyOnFailureTestExecutionListener, org.springframework.boot.test.autoconfigure.web.servlet.WebDriverTestExecutionListener, org.springframework.boot.test.autoconfigure.webservices.client.MockWebServiceServerTestExecutionListener, org.springframework.test.context.web.ServletTestExecutionListener, org.springframework.test.context.support.DirtiesContextBeforeModesTestExecutionListener, org.springframework.test.context.event.ApplicationEventsTestExecutionListener, org.springframework.test.context.support.DependencyInjectionTestExecutionListener, org.springframework.test.context.support.DirtiesContextTestExecutionListener, org.springframework.test.context.transaction.TransactionalTestExecutionListener, org.springframework.test.context.jdbc.SqlScriptsTestExecutionListener, org.springframework.test.context.event.EventPublishingTestExecutionListener]
2022-04-11 08:41:54,364 INFO  AbstractTestContextBootstrapper:174 - [] Using TestExecutionListeners: [org.springframework.test.context.web.ServletTestExecutionListener@4efa76b2, org.springframework.test.context.support.DirtiesContextBeforeModesTestExecutionListener@5761748e, org.springframework.test.context.event.ApplicationEventsTestExecutionListener@58f72035, org.springframework.boot.test.mock.mockito.MockitoTestExecutionListener@1b67989d, org.springframework.boot.test.autoconfigure.SpringBootDependencyInjectionTestExecutionListener@6b532a5, org.springframework.test.context.support.DirtiesContextTestExecutionListener@5aace3f9, org.springframework.test.context.transaction.TransactionalTestExecutionListener@3bbb9611, org.springframework.test.context.jdbc.SqlScriptsTestExecutionListener@1c3f528b, org.springframework.test.context.event.EventPublishingTestExecutionListener@33307bb3, org.springframework.boot.test.mock.mockito.ResetMocksTestExecutionListener@ebef507, org.springframework.boot.test.autoconfigure.restdocs.RestDocsTestExecutionListener@69d2f1df, org.springframework.boot.test.autoconfigure.web.client.MockRestServiceServerResetTestExecutionListener@f1f4d64, org.springframework.boot.test.autoconfigure.web.servlet.MockMvcPrintOnlyOnFailureTestExecutionListener@3fc252d7, org.springframework.boot.test.autoconfigure.web.servlet.WebDriverTestExecutionListener@46ad9ee5, org.springframework.boot.test.autoconfigure.webservices.client.MockWebServiceServerTestExecutionListener@388fd3e6]
2022-04-11 08:41:54,505 INFO  AbstractTestContextBootstrapper:305 - [] Neither @ContextConfiguration nor @ContextHierarchy found for test class [com.product.resource.ProductResourceTest], using SpringBootContextLoader
2022-04-11 08:41:54,506 INFO  AbstractContextLoader:264 - [] Could not detect default resource locations for test class [com.product.resource.ProductResourceTest]: no resource found for suffixes {-context.xml, Context.groovy}.
2022-04-11 08:41:54,507 INFO  AnnotationConfigContextLoaderUtils:83 - [] Could not detect default configuration classes for test class [com.product.resource.ProductResourceTest]: ProductResourceTest does not declare any static, non-private, non-final, nested classes annotated with @Configuration.
2022-04-11 08:41:54,508 INFO  SpringBootTestContextBootstrapper:238 - [] Found @SpringBootConfiguration com.product.ProductServiceApplication for test class com.product.resource.ProductResourceTest
2022-04-11 08:41:54,510 INFO  AbstractTestContextBootstrapper:245 - [] Loaded default TestExecutionListener class names from location [META-INF/spring.factories]: [org.springframework.boot.test.mock.mockito.MockitoTestExecutionListener, org.springframework.boot.test.mock.mockito.ResetMocksTestExecutionListener, org.springframework.boot.test.autoconfigure.restdocs.RestDocsTestExecutionListener, org.springframework.boot.test.autoconfigure.web.client.MockRestServiceServerResetTestExecutionListener, org.springframework.boot.test.autoconfigure.web.servlet.MockMvcPrintOnlyOnFailureTestExecutionListener, org.springframework.boot.test.autoconfigure.web.servlet.WebDriverTestExecutionListener, org.springframework.boot.test.autoconfigure.webservices.client.MockWebServiceServerTestExecutionListener, org.springframework.test.context.web.ServletTestExecutionListener, org.springframework.test.context.support.DirtiesContextBeforeModesTestExecutionListener, org.springframework.test.context.event.ApplicationEventsTestExecutionListener, org.springframework.test.context.support.DependencyInjectionTestExecutionListener, org.springframework.test.context.support.DirtiesContextTestExecutionListener, org.springframework.test.context.transaction.TransactionalTestExecutionListener, org.springframework.test.context.jdbc.SqlScriptsTestExecutionListener, org.springframework.test.context.event.EventPublishingTestExecutionListener]
2022-04-11 08:41:54,511 INFO  AbstractTestContextBootstrapper:174 - [] Using TestExecutionListeners: [org.springframework.test.context.web.ServletTestExecutionListener@5d24b9fd, org.springframework.test.context.support.DirtiesContextBeforeModesTestExecutionListener@1958d75f, org.springframework.test.context.event.ApplicationEventsTestExecutionListener@623f32c0, org.springframework.boot.test.mock.mockito.MockitoTestExecutionListener@38a4e455, org.springframework.boot.test.autoconfigure.SpringBootDependencyInjectionTestExecutionListener@40b759ed, org.springframework.test.context.support.DirtiesContextTestExecutionListener@1f8a8c8b, org.springframework.test.context.transaction.TransactionalTestExecutionListener@4381488, org.springframework.test.context.jdbc.SqlScriptsTestExecutionListener@1ba1de16, org.springframework.test.context.event.EventPublishingTestExecutionListener@61a394be, org.springframework.boot.test.mock.mockito.ResetMocksTestExecutionListener@2a06a2d5, org.springframework.boot.test.autoconfigure.restdocs.RestDocsTestExecutionListener@6e5e6f49, org.springframework.boot.test.autoconfigure.web.client.MockRestServiceServerResetTestExecutionListener@7b1a4dfa, org.springframework.boot.test.autoconfigure.web.servlet.MockMvcPrintOnlyOnFailureTestExecutionListener@6613043, org.springframework.boot.test.autoconfigure.web.servlet.WebDriverTestExecutionListener@196e3a50, org.springframework.boot.test.autoconfigure.webservices.client.MockWebServiceServerTestExecutionListener@4572a13]
2022-04-11 08:41:54,731 INFO  ProductResource:49 - [] http://localhost/image/Image.jpeg
2022-04-11 08:41:54,745 INFO  AbstractTestContextBootstrapper:305 - [] Neither @ContextConfiguration nor @ContextHierarchy found for test class [com.product.service.category.CategoryServiceImplTest], using SpringBootContextLoader
2022-04-11 08:41:54,747 INFO  AbstractContextLoader:264 - [] Could not detect default resource locations for test class [com.product.service.category.CategoryServiceImplTest]: no resource found for suffixes {-context.xml, Context.groovy}.
2022-04-11 08:41:54,747 INFO  AnnotationConfigContextLoaderUtils:83 - [] Could not detect default configuration classes for test class [com.product.service.category.CategoryServiceImplTest]: CategoryServiceImplTest does not declare any static, non-private, non-final, nested classes annotated with @Configuration.
2022-04-11 08:41:54,757 INFO  SpringBootTestContextBootstrapper:238 - [] Found @SpringBootConfiguration com.product.ProductServiceApplication for test class com.product.service.category.CategoryServiceImplTest
2022-04-11 08:41:54,759 INFO  AbstractTestContextBootstrapper:245 - [] Loaded default TestExecutionListener class names from location [META-INF/spring.factories]: [org.springframework.boot.test.mock.mockito.MockitoTestExecutionListener, org.springframework.boot.test.mock.mockito.ResetMocksTestExecutionListener, org.springframework.boot.test.autoconfigure.restdocs.RestDocsTestExecutionListener, org.springframework.boot.test.autoconfigure.web.client.MockRestServiceServerResetTestExecutionListener, org.springframework.boot.test.autoconfigure.web.servlet.MockMvcPrintOnlyOnFailureTestExecutionListener, org.springframework.boot.test.autoconfigure.web.servlet.WebDriverTestExecutionListener, org.springframework.boot.test.autoconfigure.webservices.client.MockWebServiceServerTestExecutionListener, org.springframework.test.context.web.ServletTestExecutionListener, org.springframework.test.context.support.DirtiesContextBeforeModesTestExecutionListener, org.springframework.test.context.event.ApplicationEventsTestExecutionListener, org.springframework.test.context.support.DependencyInjectionTestExecutionListener, org.springframework.test.context.support.DirtiesContextTestExecutionListener, org.springframework.test.context.transaction.TransactionalTestExecutionListener, org.springframework.test.context.jdbc.SqlScriptsTestExecutionListener, org.springframework.test.context.event.EventPublishingTestExecutionListener]
2022-04-11 08:41:54,760 INFO  AbstractTestContextBootstrapper:174 - [] Using TestExecutionListeners: [org.springframework.test.context.web.ServletTestExecutionListener@61ac42c6, org.springframework.test.context.support.DirtiesContextBeforeModesTestExecutionListener@108533ae, org.springframework.test.context.event.ApplicationEventsTestExecutionListener@405e5d1d, org.springframework.boot.test.mock.mockito.MockitoTestExecutionListener@11728b78, org.springframework.boot.test.autoconfigure.SpringBootDependencyInjectionTestExecutionListener@12cb41e2, org.springframework.test.context.support.DirtiesContextTestExecutionListener@2b6a1856, org.springframework.test.context.transaction.TransactionalTestExecutionListener@19ee0e93, org.springframework.test.context.jdbc.SqlScriptsTestExecutionListener@1c427f9d, org.springframework.test.context.event.EventPublishingTestExecutionListener@54cee9a6, org.springframework.boot.test.mock.mockito.ResetMocksTestExecutionListener@2f9de3c1, org.springframework.boot.test.autoconfigure.restdocs.RestDocsTestExecutionListener@46eefa37, org.springframework.boot.test.autoconfigure.web.client.MockRestServiceServerResetTestExecutionListener@495fdbe0, org.springframework.boot.test.autoconfigure.web.servlet.MockMvcPrintOnlyOnFailureTestExecutionListener@6aff88b4, org.springframework.boot.test.autoconfigure.web.servlet.WebDriverTestExecutionListener@2a3cedc1, org.springframework.boot.test.autoconfigure.webservices.client.MockWebServiceServerTestExecutionListener@1b3295f3]
2022-04-11 08:41:54,831 INFO  AbstractTestContextBootstrapper:305 - [] Neither @ContextConfiguration nor @ContextHierarchy found for test class [com.product.service.ProductServiceImplTest], using SpringBootContextLoader
2022-04-11 08:41:54,832 INFO  AbstractContextLoader:264 - [] Could not detect default resource locations for test class [com.product.service.ProductServiceImplTest]: no resource found for suffixes {-context.xml, Context.groovy}.
2022-04-11 08:41:54,837 INFO  AbstractTestContextBootstrapper:245 - [] Loaded default TestExecutionListener class names from location [META-INF/spring.factories]: [org.springframework.boot.test.mock.mockito.MockitoTestExecutionListener, org.springframework.boot.test.mock.mockito.ResetMocksTestExecutionListener, org.springframework.boot.test.autoconfigure.restdocs.RestDocsTestExecutionListener, org.springframework.boot.test.autoconfigure.web.client.MockRestServiceServerResetTestExecutionListener, org.springframework.boot.test.autoconfigure.web.servlet.MockMvcPrintOnlyOnFailureTestExecutionListener, org.springframework.boot.test.autoconfigure.web.servlet.WebDriverTestExecutionListener, org.springframework.boot.test.autoconfigure.webservices.client.MockWebServiceServerTestExecutionListener, org.springframework.test.context.web.ServletTestExecutionListener, org.springframework.test.context.support.DirtiesContextBeforeModesTestExecutionListener, org.springframework.test.context.event.ApplicationEventsTestExecutionListener, org.springframework.test.context.support.DependencyInjectionTestExecutionListener, org.springframework.test.context.support.DirtiesContextTestExecutionListener, org.springframework.test.context.transaction.TransactionalTestExecutionListener, org.springframework.test.context.jdbc.SqlScriptsTestExecutionListener, org.springframework.test.context.event.EventPublishingTestExecutionListener]
2022-04-11 08:41:54,838 INFO  AbstractTestContextBootstrapper:174 - [] Using TestExecutionListeners: [org.springframework.test.context.web.ServletTestExecutionListener@6052a656, org.springframework.test.context.support.DirtiesContextBeforeModesTestExecutionListener@2812849a, org.springframework.test.context.event.ApplicationEventsTestExecutionListener@7cbd373e, org.springframework.boot.test.mock.mockito.MockitoTestExecutionListener@78346c38, org.springframework.boot.test.autoconfigure.SpringBootDependencyInjectionTestExecutionListener@d21057e, org.springframework.test.context.support.DirtiesContextTestExecutionListener@31ab7614, org.springframework.test.context.transaction.TransactionalTestExecutionListener@24bab3d8, org.springframework.test.context.jdbc.SqlScriptsTestExecutionListener@7fb44edb, org.springframework.test.context.event.EventPublishingTestExecutionListener@7a3bbea6, org.springframework.boot.test.mock.mockito.ResetMocksTestExecutionListener@104a6c23, org.springframework.boot.test.autoconfigure.restdocs.RestDocsTestExecutionListener@619f2981, org.springframework.boot.test.autoconfigure.web.client.MockRestServiceServerResetTestExecutionListener@3c8071ff, org.springframework.boot.test.autoconfigure.web.servlet.MockMvcPrintOnlyOnFailureTestExecutionListener@1b692647, org.springframework.boot.test.autoconfigure.web.servlet.WebDriverTestExecutionListener@58816a7d, org.springframework.boot.test.autoconfigure.webservices.client.MockWebServiceServerTestExecutionListener@40ca93cd]
2022-04-11 08:41:55,163 INFO  StartupInfoLogger:55 - [] Starting ProductServiceApplication using Java 16 on LIN24009701 with PID 30972 (started by atisharm in C:\Users\atisharm\Desktop\My GitHub Repo\CaseStudy-ShoppingCart-NewTech\Backend\Product-Service)
2022-04-11 08:41:55,164 INFO  SpringApplication:637 - [] No active profile set, falling back to default profiles: default
2022-04-11 08:41:55,542 INFO  RepositoryConfigurationDelegate:132 - [] Bootstrapping Spring Data JPA repositories in DEFAULT mode.
2022-04-11 08:41:55,568 INFO  RepositoryConfigurationDelegate:201 - [] Finished Spring Data repository scanning in 24 ms. Found 2 JPA repository interfaces.
2022-04-11 08:41:55,639 INFO  GenericScope:283 - [] BeanFactory id=cd41cae2-8978-3bc5-b049-cfa1cc037910
2022-04-11 08:41:55,880 INFO  TomcatWebServer:108 - [] Tomcat initialized with port(s): 7002 (http)
2022-04-11 08:41:55,899 INFO  DirectJDKLog:173 - [] Starting service [Tomcat]
2022-04-11 08:41:55,900 INFO  DirectJDKLog:173 - [] Starting Servlet engine: [Apache Tomcat/9.0.56]
2022-04-11 08:41:56,116 INFO  DirectJDKLog:173 - [] Initializing Spring embedded WebApplicationContext
2022-04-11 08:41:56,117 INFO  ServletWebServerApplicationContext:290 - [] Root WebApplicationContext: initialization completed in 946 ms
2022-04-11 08:41:56,245 INFO  LogHelper:31 - [] HHH000204: Processing PersistenceUnitInfo [name: default]
2022-04-11 08:41:56,254 INFO  HikariDataSource:110 - [] test - Starting...
2022-04-11 08:41:56,282 INFO  HikariDataSource:123 - [] test - Start completed.
2022-04-11 08:41:56,283 INFO  Dialect:175 - [] HHH000400: Using dialect: org.hibernate.dialect.MySQL8Dialect
2022-04-11 08:41:56,346 INFO  JtaPlatformInitiator:52 - [] HHH000490: Using JtaPlatform implementation: [org.hibernate.engine.transaction.jta.platform.internal.NoJtaPlatform]
2022-04-11 08:41:56,347 INFO  AbstractEntityManagerFactoryBean:437 - [] Initialized JPA EntityManagerFactory for persistence unit 'default'
2022-04-11 08:41:56,506 WARN  JpaBaseConfiguration$JpaWebConfiguration:219 - [] spring.jpa.open-in-view is enabled by default. Therefore, database queries may be performed during view rendering. Explicitly configure spring.jpa.open-in-view to disable this warning
2022-04-11 08:41:57,767 INFO  DiscoveryClientOptionalArgsConfiguration:68 - [] Eureka HTTP Client uses RestTemplate.
2022-04-11 08:41:57,875 WARN  LoadBalancerCacheAutoConfiguration$LoadBalancerCaffeineWarnLogger:82 - [] Spring Cloud LoadBalancer is currently working with the default cache. While this cache implementation is useful for development and tests, it's recommended to use Caffeine cache in production.You can switch to using Caffeine cache, by adding it and org.springframework.cache.caffeine.CaffeineCacheManager to the classpath.
2022-04-11 08:41:57,884 INFO  InstanceInfoFactory:67 - [] Setting initial instance status as: STARTING
2022-04-11 08:41:57,888 INFO  DiscoveryClient:372 - [] Initializing Eureka in region us-east-1
2022-04-11 08:41:57,888 INFO  ConfigClusterResolver:43 - [] Resolving eureka endpoints via configuration
2022-04-11 08:41:57,891 INFO  DiscoveryClient:1007 - [] Disable delta property : false
2022-04-11 08:41:57,891 INFO  DiscoveryClient:1008 - [] Single vip registry refresh property : null
2022-04-11 08:41:57,892 INFO  DiscoveryClient:1009 - [] Force full registry fetch : false
2022-04-11 08:41:57,892 INFO  DiscoveryClient:1010 - [] Application is null : false
2022-04-11 08:41:57,892 INFO  DiscoveryClient:1011 - [] Registered Applications size is zero : true
2022-04-11 08:41:57,892 INFO  DiscoveryClient:1013 - [] Application version is -1: true
2022-04-11 08:41:57,893 INFO  DiscoveryClient:1097 - [] Getting all instance registry info from the eureka server
2022-04-11 08:41:57,927 INFO  DiscoveryClient:1106 - [] The response status is 200
2022-04-11 08:41:57,930 INFO  DiscoveryClient:1321 - [] Starting heartbeat executor: renew interval is: 30
2022-04-11 08:41:57,932 INFO  InstanceInfoReplicator:60 - [] InstanceInfoReplicator onDemand update allowed rate per min is 4
2022-04-11 08:41:57,936 INFO  DiscoveryClient:492 - [] Discovery Client initialized at timestamp 1649646717936 with initial instances count: 6
2022-04-11 08:41:57,938 INFO  EurekaServiceRegistry:41 - [] Registering application PRODUCT-SERVICE with eureka with status UP
2022-04-11 08:41:57,939 INFO  DiscoveryClient$3:1352 - [] Saw local status change event StatusChangeEvent [timestamp=1649646717939, current=UP, previous=STARTING]
2022-04-11 08:41:57,939 INFO  DiscoveryClient:873 - [] DiscoveryClient_PRODUCT-SERVICE/LIN24009701.corp.capgemini.com:product-service:7002: registering service...
2022-04-11 08:41:57,959 INFO  DiscoveryClient:882 - [] DiscoveryClient_PRODUCT-SERVICE/LIN24009701.corp.capgemini.com:product-service:7002 - registration status: 204
2022-04-11 08:41:57,977 INFO  TomcatWebServer:220 - [] Tomcat started on port(s): 7002 (http) with context path ''
2022-04-11 08:41:57,978 INFO  EurekaAutoServiceRegistration:144 - [] Updating port to 7002
2022-04-11 08:41:58,095 INFO  StartupInfoLogger:61 - [] Started ProductServiceApplication in 3.159 seconds (JVM running for 18.186)
2022-04-11 08:41:58,122 INFO  EurekaServiceRegistry:62 - [] Unregistering application PRODUCT-SERVICE with eureka with status DOWN
2022-04-11 08:41:58,122 INFO  DiscoveryClient$3:1352 - [] Saw local status change event StatusChangeEvent [timestamp=1649646718122, current=DOWN, previous=UP]
2022-04-11 08:41:58,123 INFO  DiscoveryClient:873 - [] DiscoveryClient_PRODUCT-SERVICE/LIN24009701.corp.capgemini.com:product-service:7002: registering service...
2022-04-11 08:41:58,130 INFO  AbstractEntityManagerFactoryBean:651 - [] Closing JPA EntityManagerFactory for persistence unit 'default'
2022-04-11 08:41:58,132 INFO  DiscoveryClient:882 - [] DiscoveryClient_PRODUCT-SERVICE/LIN24009701.corp.capgemini.com:product-service:7002 - registration status: 204
2022-04-11 08:41:58,134 INFO  HikariDataSource:350 - [] test - Shutdown initiated...
2022-04-11 08:41:58,146 INFO  HikariDataSource:352 - [] test - Shutdown completed.
2022-04-11 08:41:58,147 INFO  DiscoveryClient:935 - [] Shutting down DiscoveryClient ...
2022-04-11 08:42:01,161 INFO  DiscoveryClient:971 - [] Unregistering ...
2022-04-11 08:42:01,168 INFO  DiscoveryClient:973 - [] DiscoveryClient_PRODUCT-SERVICE/LIN24009701.corp.capgemini.com:product-service:7002 - deregister  status: 200
2022-04-11 08:42:01,171 INFO  DiscoveryClient:960 - [] Completed shut down of DiscoveryClient
2022-04-11 08:42:01,174 INFO  EurekaServiceRegistry:62 - [] Unregistering application PRODUCT-SERVICE with eureka with status DOWN
2022-04-11 08:42:01,174 INFO  DiscoveryClient$3:1352 - [] Saw local status change event StatusChangeEvent [timestamp=1649646721174, current=DOWN, previous=UP]
2022-04-11 08:42:01,175 INFO  DiscoveryClient:873 - [] DiscoveryClient_PRODUCT-SERVICE/LIN24009701.corp.capgemini.com:product-service:7002: registering service...
2022-04-11 08:42:01,180 INFO  DiscoveryClient:882 - [] DiscoveryClient_PRODUCT-SERVICE/LIN24009701.corp.capgemini.com:product-service:7002 - registration status: 204
2022-04-11 08:42:01,192 INFO  AbstractEntityManagerFactoryBean:651 - [] Closing JPA EntityManagerFactory for persistence unit 'default'
2022-04-11 08:42:01,193 INFO  HikariDataSource:350 - [] test - Shutdown initiated...
2022-04-11 08:42:01,197 INFO  HikariDataSource:352 - [] test - Shutdown completed.
2022-04-11 08:42:01,198 INFO  DiscoveryClient:935 - [] Shutting down DiscoveryClient ...
2022-04-11 08:42:04,203 INFO  DiscoveryClient:971 - [] Unregistering ...
2022-04-11 08:42:04,208 INFO  DiscoveryClient:973 - [] DiscoveryClient_PRODUCT-SERVICE/LIN24009701.corp.capgemini.com:product-service:7002 - deregister  status: 200
2022-04-11 08:42:04,211 INFO  DiscoveryClient:960 - [] Completed shut down of DiscoveryClient
