2022-04-07 12:07:59,324 INFO  StartupInfoLogger:55 - [] Starting ProductServiceApplication using Java 16 on LIN24009701 with PID 22840 (C:\Users\atisharm\Desktop\My GitHub Repo\CaseStudy-ShoppingCart-NewTech\Backend\Product-Service\target\classes started by atisharm in C:\Users\atisharm\Desktop\My GitHub Repo\CaseStudy-ShoppingCart-NewTech\Backend\apigateway)
2022-04-07 12:07:59,337 INFO  SpringApplication:637 - [] No active profile set, falling back to default profiles: default
2022-04-07 12:07:59,441 INFO  DeferredLog:255 - [] Devtools property defaults active! Set 'spring.devtools.add-properties' to 'false' to disable
2022-04-07 12:07:59,442 INFO  DeferredLog:255 - [] For additional web related logging consider setting the 'logging.level.web' property to 'DEBUG'
2022-04-07 12:08:01,061 INFO  RepositoryConfigurationDelegate:132 - [] Bootstrapping Spring Data JPA repositories in DEFAULT mode.
2022-04-07 12:08:01,284 INFO  RepositoryConfigurationDelegate:201 - [] Finished Spring Data repository scanning in 208 ms. Found 2 JPA repository interfaces.
2022-04-07 12:08:01,827 INFO  GenericScope:283 - [] BeanFactory id=0852da31-d009-3a24-ab67-5ad8ff78dc60
2022-04-07 12:08:03,180 INFO  TomcatWebServer:108 - [] Tomcat initialized with port(s): 7002 (http)
2022-04-07 12:08:03,206 INFO  DirectJDKLog:173 - [] Starting service [Tomcat]
2022-04-07 12:08:03,207 INFO  DirectJDKLog:173 - [] Starting Servlet engine: [Apache Tomcat/9.0.56]
2022-04-07 12:08:03,457 INFO  DirectJDKLog:173 - [] Initializing Spring embedded WebApplicationContext
2022-04-07 12:08:03,458 INFO  ServletWebServerApplicationContext:290 - [] Root WebApplicationContext: initialization completed in 4014 ms
2022-04-07 12:08:03,769 INFO  LogHelper:31 - [] HHH000204: Processing PersistenceUnitInfo [name: default]
2022-04-07 12:08:03,873 INFO  Version:44 - [] HHH000412: Hibernate ORM core version 5.6.4.Final
2022-04-07 12:08:04,186 INFO  JavaReflectionManager:56 - [] HCANN000001: Hibernate Commons Annotations {5.1.2.Final}
2022-04-07 12:08:04,337 INFO  HikariDataSource:110 - [] test - Starting...
2022-04-07 12:08:04,926 INFO  HikariDataSource:123 - [] test - Start completed.
2022-04-07 12:08:04,955 INFO  Dialect:175 - [] HHH000400: Using dialect: org.hibernate.dialect.MySQL8Dialect
2022-04-07 12:08:06,185 INFO  JtaPlatformInitiator:52 - [] HHH000490: Using JtaPlatform implementation: [org.hibernate.engine.transaction.jta.platform.internal.NoJtaPlatform]
2022-04-07 12:08:06,197 INFO  AbstractEntityManagerFactoryBean:437 - [] Initialized JPA EntityManagerFactory for persistence unit 'default'
2022-04-07 12:08:07,111 WARN  JpaBaseConfiguration$JpaWebConfiguration:219 - [] spring.jpa.open-in-view is enabled by default. Therefore, database queries may be performed during view rendering. Explicitly configure spring.jpa.open-in-view to disable this warning
2022-04-07 12:08:09,594 WARN  OptionalLiveReloadServer:61 - [] Unable to start LiveReload server
2022-04-07 12:08:09,818 INFO  DiscoveryClientOptionalArgsConfiguration:68 - [] Eureka HTTP Client uses RestTemplate.
2022-04-07 12:08:10,150 WARN  LoadBalancerCacheAutoConfiguration$LoadBalancerCaffeineWarnLogger:82 - [] Spring Cloud LoadBalancer is currently working with the default cache. While this cache implementation is useful for development and tests, it's recommended to use Caffeine cache in production.You can switch to using Caffeine cache, by adding it and org.springframework.cache.caffeine.CaffeineCacheManager to the classpath.
2022-04-07 12:08:10,198 INFO  InstanceInfoFactory:67 - [] Setting initial instance status as: STARTING
2022-04-07 12:08:10,351 INFO  DiscoveryClient:372 - [] Initializing Eureka in region us-east-1
2022-04-07 12:08:10,360 INFO  ConfigClusterResolver:43 - [] Resolving eureka endpoints via configuration
2022-04-07 12:08:10,408 INFO  DiscoveryClient:1007 - [] Disable delta property : false
2022-04-07 12:08:10,409 INFO  DiscoveryClient:1008 - [] Single vip registry refresh property : null
2022-04-07 12:08:10,410 INFO  DiscoveryClient:1009 - [] Force full registry fetch : false
2022-04-07 12:08:10,410 INFO  DiscoveryClient:1010 - [] Application is null : false
2022-04-07 12:08:10,411 INFO  DiscoveryClient:1011 - [] Registered Applications size is zero : true
2022-04-07 12:08:10,411 INFO  DiscoveryClient:1013 - [] Application version is -1: true
2022-04-07 12:08:10,412 INFO  DiscoveryClient:1097 - [] Getting all instance registry info from the eureka server
2022-04-07 12:08:10,926 INFO  DiscoveryClient:1106 - [] The response status is 200
2022-04-07 12:08:10,931 INFO  DiscoveryClient:1321 - [] Starting heartbeat executor: renew interval is: 30
2022-04-07 12:08:10,936 INFO  InstanceInfoReplicator:60 - [] InstanceInfoReplicator onDemand update allowed rate per min is 4
2022-04-07 12:08:10,945 INFO  DiscoveryClient:492 - [] Discovery Client initialized at timestamp 1649313490943 with initial instances count: 1
2022-04-07 12:08:10,950 INFO  EurekaServiceRegistry:41 - [] Registering application PRODUCT-SERVICE with eureka with status UP
2022-04-07 12:08:10,952 INFO  DiscoveryClient$3:1352 - [] Saw local status change event StatusChangeEvent [timestamp=1649313490952, current=UP, previous=STARTING]
2022-04-07 12:08:10,958 INFO  DiscoveryClient:873 - [] DiscoveryClient_PRODUCT-SERVICE/LIN24009701.corp.capgemini.com:product-service:7002: registering service...
2022-04-07 12:08:11,012 INFO  TomcatWebServer:220 - [] Tomcat started on port(s): 7002 (http) with context path ''
2022-04-07 12:08:11,014 INFO  EurekaAutoServiceRegistration:144 - [] Updating port to 7002
2022-04-07 12:08:11,046 INFO  DiscoveryClient:882 - [] DiscoveryClient_PRODUCT-SERVICE/LIN24009701.corp.capgemini.com:product-service:7002 - registration status: 204
2022-04-07 12:08:11,184 INFO  StartupInfoLogger:61 - [] Started ProductServiceApplication in 12.842 seconds (JVM running for 14.292)
2022-04-07 12:10:18,422 INFO  DirectJDKLog:173 - [] Initializing Spring DispatcherServlet 'dispatcherServlet'
2022-04-07 12:10:18,423 INFO  FrameworkServlet:525 - [] Initializing Servlet 'dispatcherServlet'
2022-04-07 12:10:18,426 INFO  FrameworkServlet:547 - [] Completed initialization in 3 ms
2022-04-07 12:13:10,435 INFO  ConfigClusterResolver:43 - [] Resolving eureka endpoints via configuration
2022-04-07 12:18:10,448 INFO  ConfigClusterResolver:43 - [] Resolving eureka endpoints via configuration
2022-04-07 12:23:10,460 INFO  ConfigClusterResolver:43 - [] Resolving eureka endpoints via configuration
